<?xml version="1.0" encoding="UTF-8"?>
<coverage generated="1766567096788" clover="3.2.0">
  <project timestamp="1766567096788" name="All files">
    <metrics statements="38" coveredstatements="12" conditionals="18" coveredconditionals="2" methods="13" coveredmethods="5" elements="69" coveredelements="19" complexity="0" loc="38" ncloc="38" packages="6" files="12" classes="12"/>
    <package name="content.01-introduction">
      <metrics statements="0" coveredstatements="0" conditionals="0" coveredconditionals="0" methods="0" coveredmethods="0"/>
      <file name="01-what-is-flutter.md" path="C:\Users\ikkor\MyDesktop\SPbSUT College\Курсовая работа\Файлы проекта\src\content\01-introduction\01-what-is-flutter.md">
        <metrics statements="0" coveredstatements="0" conditionals="0" coveredconditionals="0" methods="0" coveredmethods="0"/>
      </file>
      <file name="02-why-flutter.md" path="C:\Users\ikkor\MyDesktop\SPbSUT College\Курсовая работа\Файлы проекта\src\content\01-introduction\02-why-flutter.md">
        <metrics statements="0" coveredstatements="0" conditionals="0" coveredconditionals="0" methods="0" coveredmethods="0"/>
      </file>
      <file name="03-setup.md" path="C:\Users\ikkor\MyDesktop\SPbSUT College\Курсовая работа\Файлы проекта\src\content\01-introduction\03-setup.md">
        <metrics statements="0" coveredstatements="0" conditionals="0" coveredconditionals="0" methods="0" coveredmethods="0"/>
      </file>
    </package>
    <package name="content.02-dart-basics">
      <metrics statements="0" coveredstatements="0" conditionals="0" coveredconditionals="0" methods="0" coveredmethods="0"/>
      <file name="01-variables.md" path="C:\Users\ikkor\MyDesktop\SPbSUT College\Курсовая работа\Файлы проекта\src\content\02-dart-basics\01-variables.md">
        <metrics statements="0" coveredstatements="0" conditionals="0" coveredconditionals="0" methods="0" coveredmethods="0"/>
      </file>
      <file name="02-functions.md" path="C:\Users\ikkor\MyDesktop\SPbSUT College\Курсовая работа\Файлы проекта\src\content\02-dart-basics\02-functions.md">
        <metrics statements="0" coveredstatements="0" conditionals="0" coveredconditionals="0" methods="0" coveredmethods="0"/>
      </file>
      <file name="03-control-flow.md" path="C:\Users\ikkor\MyDesktop\SPbSUT College\Курсовая работа\Файлы проекта\src\content\02-dart-basics\03-control-flow.md">
        <metrics statements="0" coveredstatements="0" conditionals="0" coveredconditionals="0" methods="0" coveredmethods="0"/>
      </file>
    </package>
    <package name="content.03-oop">
      <metrics statements="0" coveredstatements="0" conditionals="0" coveredconditionals="0" methods="0" coveredmethods="0"/>
      <file name="01-classes.md" path="C:\Users\ikkor\MyDesktop\SPbSUT College\Курсовая работа\Файлы проекта\src\content\03-oop\01-classes.md">
        <metrics statements="0" coveredstatements="0" conditionals="0" coveredconditionals="0" methods="0" coveredmethods="0"/>
      </file>
      <file name="02-inheritance.md" path="C:\Users\ikkor\MyDesktop\SPbSUT College\Курсовая работа\Файлы проекта\src\content\03-oop\02-inheritance.md">
        <metrics statements="0" coveredstatements="0" conditionals="0" coveredconditionals="0" methods="0" coveredmethods="0"/>
      </file>
    </package>
    <package name="content.04-flutter-basics">
      <metrics statements="0" coveredstatements="0" conditionals="0" coveredconditionals="0" methods="0" coveredmethods="0"/>
      <file name="01-widgets-intro.md" path="C:\Users\ikkor\MyDesktop\SPbSUT College\Курсовая работа\Файлы проекта\src\content\04-flutter-basics\01-widgets-intro.md">
        <metrics statements="0" coveredstatements="0" conditionals="0" coveredconditionals="0" methods="0" coveredmethods="0"/>
      </file>
      <file name="02-layouts.md" path="C:\Users\ikkor\MyDesktop\SPbSUT College\Курсовая работа\Файлы проекта\src\content\04-flutter-basics\02-layouts.md">
        <metrics statements="0" coveredstatements="0" conditionals="0" coveredconditionals="0" methods="0" coveredmethods="0"/>
      </file>
    </package>
    <package name="lib.state">
      <metrics statements="7" coveredstatements="6" conditionals="0" coveredconditionals="0" methods="5" coveredmethods="4"/>
      <file name="ui.svelte.ts" path="C:\Users\ikkor\MyDesktop\SPbSUT College\Курсовая работа\Файлы проекта\src\lib\state\ui.svelte.ts">
        <metrics statements="7" coveredstatements="6" conditionals="0" coveredconditionals="0" methods="5" coveredmethods="4"/>
        <line num="7" count="0" type="stmt"/>
        <line num="10" count="2" type="stmt"/>
        <line num="11" count="2" type="stmt"/>
        <line num="14" count="3" type="stmt"/>
        <line num="18" count="2" type="stmt"/>
        <line num="19" count="2" type="stmt"/>
        <line num="22" count="3" type="stmt"/>
      </file>
    </package>
    <package name="lib.utils">
      <metrics statements="31" coveredstatements="6" conditionals="18" coveredconditionals="2" methods="8" coveredmethods="1"/>
      <file name="posts.ts" path="C:\Users\ikkor\MyDesktop\SPbSUT College\Курсовая работа\Файлы проекта\src\lib\utils\posts.ts">
        <metrics statements="31" coveredstatements="6" conditionals="18" coveredconditionals="2" methods="8" coveredmethods="1"/>
        <line num="21" count="1" type="stmt"/>
        <line num="31" count="1" type="stmt"/>
        <line num="32" count="0" type="stmt"/>
        <line num="35" count="0" type="stmt"/>
        <line num="37" count="0" type="stmt"/>
        <line num="38" count="0" type="cond" truecount="0" falsecount="2"/>
        <line num="39" count="0" type="stmt"/>
        <line num="41" count="0" type="stmt"/>
        <line num="45" count="0" type="stmt"/>
        <line num="48" count="0" type="stmt"/>
        <line num="51" count="0" type="stmt"/>
        <line num="55" count="0" type="stmt"/>
        <line num="61" count="1" type="stmt"/>
        <line num="62" count="0" type="stmt"/>
        <line num="63" count="0" type="stmt"/>
        <line num="69" count="1" type="stmt"/>
        <line num="70" count="0" type="stmt"/>
        <line num="76" count="0" type="stmt"/>
        <line num="78" count="0" type="stmt"/>
        <line num="79" count="0" type="stmt"/>
        <line num="80" count="0" type="stmt"/>
        <line num="84" count="0" type="stmt"/>
        <line num="85" count="0" type="cond" truecount="0" falsecount="2"/>
        <line num="86" count="0" type="cond" truecount="0" falsecount="2"/>
        <line num="90" count="0" type="stmt"/>
        <line num="91" count="0" type="cond" truecount="0" falsecount="2"/>
        <line num="93" count="0" type="cond" truecount="0" falsecount="2"/>
        <line num="94" count="0" type="stmt"/>
        <line num="107" count="0" type="stmt"/>
        <line num="111" count="5" type="stmt"/>
        <line num="112" count="5" type="cond" truecount="2" falsecount="0"/>
      </file>
    </package>
  </project>
</coverage>
