{"C:\\Users\\ikkor\\MyDesktop\\SPbSUT College\\Курсовая работа\\Файлы проекта\\src\\content\\01-introduction\\01-what-is-flutter.md": {"path":"C:\\Users\\ikkor\\MyDesktop\\SPbSUT College\\Курсовая работа\\Файлы проекта\\src\\content\\01-introduction\\01-what-is-flutter.md","statementMap":{},"fnMap":{},"branchMap":{},"s":{},"f":{},"b":{},"meta":{"lastBranch":0,"lastFunction":0,"lastStatement":0,"seen":{}}}
,"C:\\Users\\ikkor\\MyDesktop\\SPbSUT College\\Курсовая работа\\Файлы проекта\\src\\content\\01-introduction\\02-why-flutter.md": {"path":"C:\\Users\\ikkor\\MyDesktop\\SPbSUT College\\Курсовая работа\\Файлы проекта\\src\\content\\01-introduction\\02-why-flutter.md","statementMap":{},"fnMap":{},"branchMap":{},"s":{},"f":{},"b":{},"meta":{"lastBranch":0,"lastFunction":0,"lastStatement":0,"seen":{}}}
,"C:\\Users\\ikkor\\MyDesktop\\SPbSUT College\\Курсовая работа\\Файлы проекта\\src\\content\\01-introduction\\03-setup.md": {"path":"C:\\Users\\ikkor\\MyDesktop\\SPbSUT College\\Курсовая работа\\Файлы проекта\\src\\content\\01-introduction\\03-setup.md","statementMap":{},"fnMap":{},"branchMap":{},"s":{},"f":{},"b":{},"meta":{"lastBranch":0,"lastFunction":0,"lastStatement":0,"seen":{}}}
,"C:\\Users\\ikkor\\MyDesktop\\SPbSUT College\\Курсовая работа\\Файлы проекта\\src\\content\\02-dart-basics\\01-variables.md": {"path":"C:\\Users\\ikkor\\MyDesktop\\SPbSUT College\\Курсовая работа\\Файлы проекта\\src\\content\\02-dart-basics\\01-variables.md","statementMap":{},"fnMap":{},"branchMap":{},"s":{},"f":{},"b":{},"meta":{"lastBranch":0,"lastFunction":0,"lastStatement":0,"seen":{}}}
,"C:\\Users\\ikkor\\MyDesktop\\SPbSUT College\\Курсовая работа\\Файлы проекта\\src\\content\\02-dart-basics\\02-functions.md": {"path":"C:\\Users\\ikkor\\MyDesktop\\SPbSUT College\\Курсовая работа\\Файлы проекта\\src\\content\\02-dart-basics\\02-functions.md","statementMap":{},"fnMap":{},"branchMap":{},"s":{},"f":{},"b":{},"meta":{"lastBranch":0,"lastFunction":0,"lastStatement":0,"seen":{}}}
,"C:\\Users\\ikkor\\MyDesktop\\SPbSUT College\\Курсовая работа\\Файлы проекта\\src\\content\\02-dart-basics\\03-control-flow.md": {"path":"C:\\Users\\ikkor\\MyDesktop\\SPbSUT College\\Курсовая работа\\Файлы проекта\\src\\content\\02-dart-basics\\03-control-flow.md","statementMap":{},"fnMap":{},"branchMap":{},"s":{},"f":{},"b":{},"meta":{"lastBranch":0,"lastFunction":0,"lastStatement":0,"seen":{}}}
,"C:\\Users\\ikkor\\MyDesktop\\SPbSUT College\\Курсовая работа\\Файлы проекта\\src\\content\\03-oop\\01-classes.md": {"path":"C:\\Users\\ikkor\\MyDesktop\\SPbSUT College\\Курсовая работа\\Файлы проекта\\src\\content\\03-oop\\01-classes.md","statementMap":{},"fnMap":{},"branchMap":{},"s":{},"f":{},"b":{},"meta":{"lastBranch":0,"lastFunction":0,"lastStatement":0,"seen":{}}}
,"C:\\Users\\ikkor\\MyDesktop\\SPbSUT College\\Курсовая работа\\Файлы проекта\\src\\content\\03-oop\\02-inheritance.md": {"path":"C:\\Users\\ikkor\\MyDesktop\\SPbSUT College\\Курсовая работа\\Файлы проекта\\src\\content\\03-oop\\02-inheritance.md","statementMap":{},"fnMap":{},"branchMap":{},"s":{},"f":{},"b":{},"meta":{"lastBranch":0,"lastFunction":0,"lastStatement":0,"seen":{}}}
,"C:\\Users\\ikkor\\MyDesktop\\SPbSUT College\\Курсовая работа\\Файлы проекта\\src\\content\\04-flutter-basics\\01-widgets-intro.md": {"path":"C:\\Users\\ikkor\\MyDesktop\\SPbSUT College\\Курсовая работа\\Файлы проекта\\src\\content\\04-flutter-basics\\01-widgets-intro.md","statementMap":{},"fnMap":{},"branchMap":{},"s":{},"f":{},"b":{},"meta":{"lastBranch":0,"lastFunction":0,"lastStatement":0,"seen":{}}}
,"C:\\Users\\ikkor\\MyDesktop\\SPbSUT College\\Курсовая работа\\Файлы проекта\\src\\content\\04-flutter-basics\\02-layouts.md": {"path":"C:\\Users\\ikkor\\MyDesktop\\SPbSUT College\\Курсовая работа\\Файлы проекта\\src\\content\\04-flutter-basics\\02-layouts.md","statementMap":{},"fnMap":{},"branchMap":{},"s":{},"f":{},"b":{},"meta":{"lastBranch":0,"lastFunction":0,"lastStatement":0,"seen":{}}}
,"C:\\Users\\ikkor\\MyDesktop\\SPbSUT College\\Курсовая работа\\Файлы проекта\\src\\lib\\state\\ui.svelte.ts": {"path":"C:\\Users\\ikkor\\MyDesktop\\SPbSUT College\\Курсовая работа\\Файлы проекта\\src\\lib\\state\\ui.svelte.ts","statementMap":{"0":{"start":{"line":7,"column":2},"end":{"line":7,"column":null}},"1":{"start":{"line":10,"column":2},"end":{"line":10,"column":null}},"2":{"start":{"line":11,"column":2},"end":{"line":11,"column":null}},"3":{"start":{"line":14,"column":2},"end":{"line":14,"column":null}},"4":{"start":{"line":18,"column":2},"end":{"line":18,"column":null}},"5":{"start":{"line":19,"column":2},"end":{"line":19,"column":null}},"6":{"start":{"line":22,"column":2},"end":{"line":22,"column":null}}},"fnMap":{"0":{"name":"(anonymous_0)","decl":{"start":{"line":6,"column":1},"end":{"line":6,"column":16}},"loc":{"start":{"line":6,"column":16},"end":{"line":8,"column":null}},"line":6},"1":{"name":"(anonymous_1)","decl":{"start":{"line":9,"column":1},"end":{"line":9,"column":14}},"loc":{"start":{"line":9,"column":14},"end":{"line":12,"column":null}},"line":9},"2":{"name":"(anonymous_2)","decl":{"start":{"line":13,"column":1},"end":{"line":13,"column":15}},"loc":{"start":{"line":13,"column":15},"end":{"line":15,"column":null}},"line":13},"3":{"name":"(anonymous_3)","decl":{"start":{"line":17,"column":1},"end":{"line":17,"column":16}},"loc":{"start":{"line":17,"column":16},"end":{"line":20,"column":null}},"line":17},"4":{"name":"(anonymous_4)","decl":{"start":{"line":21,"column":1},"end":{"line":21,"column":17}},"loc":{"start":{"line":21,"column":17},"end":{"line":23,"column":null}},"line":21}},"branchMap":{},"s":{"0":0,"1":2,"2":2,"3":3,"4":2,"5":2,"6":3},"f":{"0":0,"1":2,"2":3,"3":2,"4":3},"b":{},"meta":{"lastBranch":0,"lastFunction":5,"lastStatement":7,"seen":{"f:6:1:6:16":0,"s:7:2:7:Infinity":0,"f:9:1:9:14":1,"s:10:2:10:Infinity":1,"s:11:2:11:Infinity":2,"f:13:1:13:15":2,"s:14:2:14:Infinity":3,"f:17:1:17:16":3,"s:18:2:18:Infinity":4,"s:19:2:19:Infinity":5,"f:21:1:21:17":4,"s:22:2:22:Infinity":6}}}
,"C:\\Users\\ikkor\\MyDesktop\\SPbSUT College\\Курсовая работа\\Файлы проекта\\src\\lib\\utils\\posts.ts": {"path":"C:\\Users\\ikkor\\MyDesktop\\SPbSUT College\\Курсовая работа\\Файлы проекта\\src\\lib\\utils\\posts.ts","statementMap":{"0":{"start":{"line":21,"column":46},"end":{"line":26,"column":null}},"1":{"start":{"line":31,"column":31},"end":{"line":56,"column":null}},"2":{"start":{"line":32,"column":15},"end":{"line":32,"column":null}},"3":{"start":{"line":35,"column":41},"end":{"line":35,"column":null}},"4":{"start":{"line":37,"column":1},"end":{"line":42,"column":null}},"5":{"start":{"line":38,"column":2},"end":{"line":40,"column":null}},"6":{"start":{"line":39,"column":3},"end":{"line":39,"column":null}},"7":{"start":{"line":41,"column":2},"end":{"line":41,"column":null}},"8":{"start":{"line":45,"column":29},"end":{"line":53,"column":null}},"9":{"start":{"line":48,"column":3},"end":{"line":52,"column":null}},"10":{"start":{"line":51,"column":45},"end":{"line":51,"column":62}},"11":{"start":{"line":55,"column":1},"end":{"line":55,"column":null}},"12":{"start":{"line":61,"column":29},"end":{"line":64,"column":null}},"13":{"start":{"line":62,"column":15},"end":{"line":62,"column":null}},"14":{"start":{"line":63,"column":1},"end":{"line":63,"column":null}},"15":{"start":{"line":63,"column":26},"end":{"line":63,"column":41}},"16":{"start":{"line":69,"column":27},"end":{"line":108,"column":null}},"17":{"start":{"line":70,"column":30},"end":{"line":73,"column":null}},"18":{"start":{"line":76,"column":24},"end":{"line":76,"column":null}},"19":{"start":{"line":78,"column":1},"end":{"line":105,"column":null}},"20":{"start":{"line":79,"column":22},"end":{"line":79,"column":null}},"21":{"start":{"line":80,"column":24},"end":{"line":80,"column":null}},"22":{"start":{"line":84,"column":20},"end":{"line":84,"column":null}},"23":{"start":{"line":85,"column":19},"end":{"line":85,"column":null}},"24":{"start":{"line":86,"column":24},"end":{"line":86,"column":null}},"25":{"start":{"line":90,"column":21},"end":{"line":90,"column":null}},"26":{"start":{"line":91,"column":24},"end":{"line":91,"column":null}},"27":{"start":{"line":93,"column":2},"end":{"line":104,"column":null}},"28":{"start":{"line":94,"column":3},"end":{"line":103,"column":null}},"29":{"start":{"line":107,"column":1},"end":{"line":107,"column":null}},"30":{"start":{"line":111,"column":20},"end":{"line":111,"column":null}},"31":{"start":{"line":112,"column":1},"end":{"line":112,"column":null}}},"fnMap":{"0":{"name":"(anonymous_0)","decl":{"start":{"line":31,"column":31},"end":{"line":31,"column":63}},"loc":{"start":{"line":31,"column":63},"end":{"line":56,"column":null}},"line":31},"1":{"name":"(anonymous_1)","decl":{"start":{"line":37,"column":15},"end":{"line":37,"column":16}},"loc":{"start":{"line":37,"column":25},"end":{"line":42,"column":2}},"line":37},"2":{"name":"(anonymous_2)","decl":{"start":{"line":47,"column":7},"end":{"line":47,"column":8}},"loc":{"start":{"line":47,"column":22},"end":{"line":53,"column":3}},"line":47},"3":{"name":"(anonymous_3)","decl":{"start":{"line":51,"column":35},"end":{"line":51,"column":36}},"loc":{"start":{"line":51,"column":45},"end":{"line":51,"column":62}},"line":51},"4":{"name":"(anonymous_4)","decl":{"start":{"line":61,"column":29},"end":{"line":61,"column":36}},"loc":{"start":{"line":61,"column":80},"end":{"line":64,"column":null}},"line":61},"5":{"name":"(anonymous_5)","decl":{"start":{"line":63,"column":19},"end":{"line":63,"column":20}},"loc":{"start":{"line":63,"column":26},"end":{"line":63,"column":41}},"line":63},"6":{"name":"(anonymous_6)","decl":{"start":{"line":69,"column":27},"end":{"line":69,"column":56}},"loc":{"start":{"line":69,"column":56},"end":{"line":108,"column":null}},"line":69},"7":{"name":"extractOrderFromFilename","decl":{"start":{"line":110,"column":16},"end":{"line":110,"column":41}},"loc":{"start":{"line":110,"column":67},"end":{"line":113,"column":null}},"line":110}},"branchMap":{"0":{"loc":{"start":{"line":38,"column":2},"end":{"line":40,"column":null}},"type":"if","locations":[{"start":{"line":38,"column":2},"end":{"line":40,"column":null}},{"start":{},"end":{}}],"line":38},"1":{"loc":{"start":{"line":50,"column":11},"end":{"line":50,"column":null}},"type":"binary-expr","locations":[{"start":{"line":50,"column":11},"end":{"line":50,"column":39}},{"start":{"line":50,"column":39},"end":{"line":50,"column":null}}],"line":50},"2":{"loc":{"start":{"line":85,"column":19},"end":{"line":85,"column":null}},"type":"binary-expr","locations":[{"start":{"line":85,"column":19},"end":{"line":85,"column":38}},{"start":{"line":85,"column":38},"end":{"line":85,"column":null}}],"line":85},"3":{"loc":{"start":{"line":86,"column":24},"end":{"line":86,"column":null}},"type":"binary-expr","locations":[{"start":{"line":86,"column":24},"end":{"line":86,"column":43}},{"start":{"line":86,"column":43},"end":{"line":86,"column":null}}],"line":86},"4":{"loc":{"start":{"line":91,"column":24},"end":{"line":91,"column":null}},"type":"cond-expr","locations":[{"start":{"line":91,"column":37},"end":{"line":91,"column":67}},{"start":{"line":91,"column":67},"end":{"line":91,"column":null}}],"line":91},"5":{"loc":{"start":{"line":93,"column":2},"end":{"line":104,"column":null}},"type":"if","locations":[{"start":{"line":93,"column":2},"end":{"line":104,"column":null}},{"start":{},"end":{}}],"line":93},"6":{"loc":{"start":{"line":99,"column":10},"end":{"line":99,"column":null}},"type":"binary-expr","locations":[{"start":{"line":99,"column":10},"end":{"line":99,"column":23}},{"start":{"line":99,"column":23},"end":{"line":99,"column":null}}],"line":99},"7":{"loc":{"start":{"line":100,"column":11},"end":{"line":100,"column":null}},"type":"binary-expr","locations":[{"start":{"line":100,"column":11},"end":{"line":100,"column":25}},{"start":{"line":100,"column":25},"end":{"line":100,"column":null}}],"line":100},"8":{"loc":{"start":{"line":112,"column":8},"end":{"line":112,"column":null}},"type":"cond-expr","locations":[{"start":{"line":112,"column":21},"end":{"line":112,"column":51}},{"start":{"line":112,"column":51},"end":{"line":112,"column":null}}],"line":112}},"s":{"0":1,"1":1,"2":0,"3":0,"4":0,"5":0,"6":0,"7":0,"8":0,"9":0,"10":0,"11":0,"12":1,"13":0,"14":0,"15":0,"16":1,"17":0,"18":0,"19":0,"20":0,"21":0,"22":0,"23":0,"24":0,"25":0,"26":0,"27":0,"28":0,"29":0,"30":5,"31":5},"f":{"0":0,"1":0,"2":0,"3":0,"4":0,"5":0,"6":0,"7":5},"b":{"0":[0,0],"1":[0,0],"2":[0,0],"3":[0,0],"4":[0,0],"5":[0,0],"6":[0,0],"7":[0,0],"8":[3,2]},"meta":{"lastBranch":9,"lastFunction":8,"lastStatement":32,"seen":{"s:21:46:26:Infinity":0,"s:31:31:56:Infinity":1,"f:31:31:31:63":0,"s:32:15:32:Infinity":2,"s:35:41:35:Infinity":3,"s:37:1:42:Infinity":4,"f:37:15:37:16":1,"b:38:2:40:Infinity:undefined:undefined:undefined:undefined":0,"s:38:2:40:Infinity":5,"s:39:3:39:Infinity":6,"s:41:2:41:Infinity":7,"s:45:29:53:Infinity":8,"f:47:7:47:8":2,"s:48:3:52:Infinity":9,"b:50:11:50:39:50:39:50:Infinity":1,"f:51:35:51:36":3,"s:51:45:51:62":10,"s:55:1:55:Infinity":11,"s:61:29:64:Infinity":12,"f:61:29:61:36":4,"s:62:15:62:Infinity":13,"s:63:1:63:Infinity":14,"f:63:19:63:20":5,"s:63:26:63:41":15,"s:69:27:108:Infinity":16,"f:69:27:69:56":6,"s:70:30:73:Infinity":17,"s:76:24:76:Infinity":18,"s:78:1:105:Infinity":19,"s:79:22:79:Infinity":20,"s:80:24:80:Infinity":21,"s:84:20:84:Infinity":22,"s:85:19:85:Infinity":23,"b:85:19:85:38:85:38:85:Infinity":2,"s:86:24:86:Infinity":24,"b:86:24:86:43:86:43:86:Infinity":3,"s:90:21:90:Infinity":25,"s:91:24:91:Infinity":26,"b:91:37:91:67:91:67:91:Infinity":4,"b:93:2:104:Infinity:undefined:undefined:undefined:undefined":5,"s:93:2:104:Infinity":27,"s:94:3:103:Infinity":28,"b:99:10:99:23:99:23:99:Infinity":6,"b:100:11:100:25:100:25:100:Infinity":7,"s:107:1:107:Infinity":29,"f:110:16:110:41":7,"s:111:20:111:Infinity":30,"s:112:1:112:Infinity":31,"b:112:21:112:51:112:51:112:Infinity":8}}}
}
